<?xml version="1.0" encoding="UTF-8"?>
<testng-results ignored="0" total="1" passed="1" failed="0" skipped="0">
  <reporter-output>
  </reporter-output>
  <suite started-at="2023-06-30T16:48:58 IST" name="Default suite" finished-at="2023-06-30T16:49:19 IST" duration-ms="21168">
    <groups>
    </groups>
    <test started-at="2023-06-30T16:48:58 IST" name="Default test" finished-at="2023-06-30T16:49:19 IST" duration-ms="21168">
      <class name="com.comcastcrm.contacttest.CreateContactOrgTest">
        <test-method signature="createOrgTest()[pri:0, instance:com.comcastcrm.contacttest.CreateContactOrgTest@bae7dc0]" started-at="2023-06-30T16:48:58 IST" name="createOrgTest" finished-at="2023-06-30T16:49:19 IST" duration-ms="21130" status="PASS">
          <reporter-output>
          </reporter-output>
        </test-method> <!-- createOrgTest -->
      </class> <!-- com.comcastcrm.contacttest.CreateContactOrgTest -->
    </test> <!-- Default test -->
  </suite> <!-- Default suite -->
</testng-results>
