<?xml version="1.0" encoding="UTF-8"?>
<testng-results ignored="0" total="1" passed="1" failed="0" skipped="0">
  <reporter-output>
  </reporter-output>
  <suite started-at="2023-07-01T11:43:24 IST" name="Default suite" finished-at="2023-07-01T11:43:38 IST" duration-ms="13999">
    <groups>
    </groups>
    <test started-at="2023-07-01T11:43:24 IST" name="Default test" finished-at="2023-07-01T11:43:38 IST" duration-ms="13999">
      <class name="com.comcastcrm.organizationtest.CreateOrgTest">
        <test-method signature="createOrgTest()[pri:0, instance:com.comcastcrm.organizationtest.CreateOrgTest@43dac38f]" started-at="2023-07-01T11:43:24 IST" name="createOrgTest" finished-at="2023-07-01T11:43:38 IST" duration-ms="13970" status="PASS">
          <reporter-output>
          </reporter-output>
        </test-method> <!-- createOrgTest -->
      </class> <!-- com.comcastcrm.organizationtest.CreateOrgTest -->
    </test> <!-- Default test -->
  </suite> <!-- Default suite -->
</testng-results>
